23.02.2017 10:46:46 [main] INFO  by.belstu.it.prykhach.Main  - Создание объекта круиз
23.02.2017 10:46:46 [main] INFO  by.belstu.it.prykhach.Main  - Создание объекта круиз
23.02.2017 10:46:46 [main] INFO  by.belstu.it.prykhach.Main  - Создание объекта экскурсия
23.02.2017 10:46:46 [main] INFO  by.belstu.it.prykhach.Main  - Создание объекта отдых
23.02.2017 10:46:46 [main] INFO  by.belstu.it.prykhach.Main  - Создание объекта шоппинг
23.02.2017 10:46:46 [main] INFO  by.belstu.it.prykhach.Main  - Создание объекта терапия
23.02.2017 10:46:46 [main] INFO  by.belstu.it.prykhach.Main  - Создание объекта шоппинг
23.02.2017 10:46:46 [main] INFO  by.belstu.it.prykhach.Main  - Создание объекта терапия
23.02.2017 10:46:46 [main] INFO  by.belstu.it.prykhach.Main  - Создание объекта отдых

23.02.2017 10:46:46 [main] INFO  by.belstu.it.prykhach.Main  - Создание объекта круиз
23.02.2017 10:46:46 [main] INFO  by.belstu.it.prykhach.Main  - Cruise  AI GazalaGardens Egypt 15 Rain Air
23.02.2017 10:46:46 [main] INFO  by.belstu.it.prykhach.Main  - Создание объекта отдых
23.02.2017 10:46:46 [main] INFO  by.belstu.it.prykhach.Main  - Rest  AI Hrisantema Bulgari 12 Bus
23.02.2017 10:46:46 [main] INFO  by.belstu.it.prykhach.Main  - Создание объекта терапия
23.02.2017 10:46:46 [main] INFO  by.belstu.it.prykhach.Main  - Therapy  AI Xperience Egypt 12 Ship
23.02.2017 10:46:46 [main] INFO  by.belstu.it.prykhach.Main  - Создание объекта шоппинг
23.02.2017 10:46:46 [main] INFO  by.belstu.it.prykhach.Main  - Shopping  BB ResortShop Grice 6 Rain
23.02.2017 10:46:46 [main] INFO  by.belstu.it.prykhach.Main  - Создание объекта экскурсия
23.02.2017 10:46:46 [main] INFO  by.belstu.it.prykhach.Main  - Excursion  HB SunShine_Resort Italy 10 Air

23.02.2017 10:47:13 [main] INFO  by.belstu.it.prykhach.Main  - Найдена путевка круиз
23.02.2017 10:47:13 [main] INFO  by.belstu.it.prykhach.Main  - Создание объекта круиз

23.02.2017 10:47:28 [main] INFO  by.belstu.it.prykhach.Main  - Найдена путевка Cruise  AI GazalaGardens Egypt 15 Rain Air
23.02.2017 10:47:28 [main] INFO  by.belstu.it.prykhach.Main  - Programm close
